<?xml version="1.0" encoding="UTF-8"?>
<testsuite xmlns:xsi="http://www.w3.org/2001/XMLSchema-instance" xsi:noNamespaceSchemaLocation="https://maven.apache.org/surefire/maven-surefire-plugin/xsd/surefire-test-report.xsd" version="3.0.2" name="com.example.demo.BackendApplicationTests" time="2.048" tests="1" errors="0" skipped="0" failures="0">
  <properties>
[...]
</properties>
  <testcase name="contextLoads" classname="com.example.demo.BackendApplicationTests" time="0.551">
    <system-out><![CDATA[14:52:00.159 [main] INFO org.springframework.test.context.support.AnnotationConfigContextLoaderUtils -- Could not detect default configuration classes for test class [com.example.demo.BackendApplicationTests]: BackendApplicationTests does not declare any static, non-private, non-final, nested classes annotated with @Configuration.
14:52:00.240 [main] INFO org.springframework.boot.test.context.SpringBootTestContextBootstrapper -- Found @SpringBootConfiguration com.example.demo.BackendApplication for test class com.example.demo.BackendApplicationTests

  .   ____          _            __ _ _
 /\\ / ___'_ __ _ _(_)_ __  __ _ \ \ \ \
( ( )\___ | '_ | '_| | '_ \/ _` | \ \ \ \
 \\/  ___)| |_)| | | | | || (_| |  ) ) ) )
  '  |____| .__|_| |_|_| |_\__, | / / / /
 =========|_|==============|___/=/_/_/_/

 :: Spring Boot ::                (v3.5.0)

2025-07-15T14:52:00.667+08:00  INFO 8996 --- [backend] [           main] c.example.demo.BackendApplicationTests   : Starting BackendApplicationTests using Java 17.0.15 with PID 8996 (started by nathaneal in /home/nathaneal/Desktop/IS_Team6/backend)
2025-07-15T14:52:00.668+08:00  INFO 8996 --- [backend] [           main] c.example.demo.BackendApplicationTests   : No active profile set, falling back to 1 default profile: "default"
2025-07-15T14:52:01.543+08:00  INFO 8996 --- [backend] [           main] c.example.demo.BackendApplicationTests   : Started BackendApplicationTests in 1.146 seconds (process running for 2.0)

🔍 Registered Spring Endpoints:
👉 {GET [/api/isp-info]}
👉 {GET [/api/schedulers]}
👉 { [/error]}
👉 {POST [/api/analysis/upload]}
👉 { [/error], produces [text/html]}
👉 {POST [/api/analysis/download]}
👉 {GET [/api/network-info]}
👉 {GET [/api/settings]}
👉 {POST [/api/settings/{id}/power]}
👉 {GET [/api/isp-info/{ip}]}
👉 {GET [/api/isp-info/command]}
]]></system-out>
  </testcase>
</testsuite>